<Type Name="TestResult" FullName="NUnit.Framework.Internal.TestResult">
  <TypeSignature Language="C#" Value="public abstract class TestResult : NUnit.Framework.Api.ITestResult" />
  <TypeSignature Language="ILAsm" Value=".class public auto ansi abstract beforefieldinit TestResult extends System.Object implements class NUnit.Framework.Api.ITestResult, class NUnit.Framework.Api.IXmlNodeBuilder" />
  <TypeSignature Language="DocId" Value="T:NUnit.Framework.Internal.TestResult" />
  <TypeSignature Language="F#" Value="type TestResult = class&#xA;    interface ITestResult&#xA;    interface IXmlNodeBuilder" />
  <AssemblyInfo>
    <AssemblyName>MonoTouch.NUnitLite</AssemblyName>
    <AssemblyVersion>1.0.0.0</AssemblyVersion>
  </AssemblyInfo>
  <Base>
    <BaseTypeName>System.Object</BaseTypeName>
  </Base>
  <Interfaces>
    <Interface>
      <InterfaceName>NUnit.Framework.Api.ITestResult</InterfaceName>
    </Interface>
    <Interface>
      <InterfaceName>NUnit.Framework.Api.IXmlNodeBuilder</InterfaceName>
    </Interface>
  </Interfaces>
  <Docs>
    <summary>To be added.</summary>
    <remarks>To be added.</remarks>
  </Docs>
  <Members>
    <Member MemberName=".ctor">
      <MemberSignature Language="C#" Value="public TestResult (NUnit.Framework.Api.ITest test);" />
      <MemberSignature Language="ILAsm" Value=".method public hidebysig specialname rtspecialname instance void .ctor(class NUnit.Framework.Api.ITest test) cil managed" />
      <MemberSignature Language="DocId" Value="M:NUnit.Framework.Internal.TestResult.#ctor(NUnit.Framework.Api.ITest)" />
      <MemberSignature Language="F#" Value="new NUnit.Framework.Internal.TestResult : NUnit.Framework.Api.ITest -&gt; NUnit.Framework.Internal.TestResult" Usage="new NUnit.Framework.Internal.TestResult test" />
      <MemberType>Constructor</MemberType>
      <AssemblyInfo>
        <AssemblyVersion>1.0.0.0</AssemblyVersion>
        <AssemblyName>MonoTouch.NUnitLite</AssemblyName>
      </AssemblyInfo>
      <Parameters>
        <Parameter Name="test" Type="NUnit.Framework.Api.ITest" />
      </Parameters>
      <Docs>
        <param name="test">To be added.</param>
        <summary>To be added.</summary>
        <remarks>To be added.</remarks>
      </Docs>
    </Member>
    <Member MemberName="AddResult">
      <MemberSignature Language="C#" Value="public virtual void AddResult (NUnit.Framework.Internal.TestResult result);" />
      <MemberSignature Language="ILAsm" Value=".method public hidebysig newslot virtual instance void AddResult(class NUnit.Framework.Internal.TestResult result) cil managed" />
      <MemberSignature Language="DocId" Value="M:NUnit.Framework.Internal.TestResult.AddResult(NUnit.Framework.Internal.TestResult)" />
      <MemberSignature Language="F#" Value="abstract member AddResult : NUnit.Framework.Internal.TestResult -&gt; unit&#xA;override this.AddResult : NUnit.Framework.Internal.TestResult -&gt; unit" Usage="testResult.AddResult result" />
      <MemberType>Method</MemberType>
      <AssemblyInfo>
        <AssemblyVersion>1.0.0.0</AssemblyVersion>
        <AssemblyName>MonoTouch.NUnitLite</AssemblyName>
      </AssemblyInfo>
      <ReturnValue>
        <ReturnType>System.Void</ReturnType>
      </ReturnValue>
      <Parameters>
        <Parameter Name="result" Type="NUnit.Framework.Internal.TestResult" />
      </Parameters>
      <Docs>
        <param name="result">To be added.</param>
        <summary>To be added.</summary>
        <remarks>To be added.</remarks>
      </Docs>
    </Member>
    <Member MemberName="AddToXml">
      <MemberSignature Language="C#" Value="public virtual NUnit.Framework.Api.XmlNode AddToXml (NUnit.Framework.Api.XmlNode parentNode, bool recursive);" />
      <MemberSignature Language="ILAsm" Value=".method public hidebysig newslot virtual instance class NUnit.Framework.Api.XmlNode AddToXml(class NUnit.Framework.Api.XmlNode parentNode, bool recursive) cil managed" />
      <MemberSignature Language="DocId" Value="M:NUnit.Framework.Internal.TestResult.AddToXml(NUnit.Framework.Api.XmlNode,System.Boolean)" />
      <MemberSignature Language="F#" Value="abstract member AddToXml : NUnit.Framework.Api.XmlNode * bool -&gt; NUnit.Framework.Api.XmlNode&#xA;override this.AddToXml : NUnit.Framework.Api.XmlNode * bool -&gt; NUnit.Framework.Api.XmlNode" Usage="testResult.AddToXml (parentNode, recursive)" />
      <MemberType>Method</MemberType>
      <Implements>
        <InterfaceMember>M:NUnit.Framework.Api.IXmlNodeBuilder.AddToXml(NUnit.Framework.Api.XmlNode,System.Boolean)</InterfaceMember>
      </Implements>
      <AssemblyInfo>
        <AssemblyVersion>1.0.0.0</AssemblyVersion>
        <AssemblyName>MonoTouch.NUnitLite</AssemblyName>
      </AssemblyInfo>
      <ReturnValue>
        <ReturnType>NUnit.Framework.Api.XmlNode</ReturnType>
      </ReturnValue>
      <Parameters>
        <Parameter Name="parentNode" Type="NUnit.Framework.Api.XmlNode" />
        <Parameter Name="recursive" Type="System.Boolean" />
      </Parameters>
      <Docs>
        <param name="parentNode">To be added.</param>
        <param name="recursive">To be added.</param>
        <summary>To be added.</summary>
        <returns>To be added.</returns>
        <remarks>To be added.</remarks>
      </Docs>
    </Member>
    <Member MemberName="assertCount">
      <MemberSignature Language="C#" Value="protected int assertCount;" />
      <MemberSignature Language="ILAsm" Value=".field family int32 assertCount" />
      <MemberSignature Language="DocId" Value="F:NUnit.Framework.Internal.TestResult.assertCount" />
      <MemberSignature Language="F#" Value="val mutable assertCount : int" Usage="NUnit.Framework.Internal.TestResult.assertCount" />
      <MemberType>Field</MemberType>
      <AssemblyInfo>
        <AssemblyVersion>1.0.0.0</AssemblyVersion>
        <AssemblyName>MonoTouch.NUnitLite</AssemblyName>
      </AssemblyInfo>
      <Attributes>
        <Attribute>
          <AttributeName>System.CLSCompliant(false)</AttributeName>
        </Attribute>
      </Attributes>
      <ReturnValue>
        <ReturnType>System.Int32</ReturnType>
      </ReturnValue>
      <Docs>
        <summary>To be added.</summary>
        <remarks>To be added.</remarks>
      </Docs>
    </Member>
    <Member MemberName="AssertCount">
      <MemberSignature Language="C#" Value="public int AssertCount { get; set; }" />
      <MemberSignature Language="ILAsm" Value=".property instance int32 AssertCount" />
      <MemberSignature Language="DocId" Value="P:NUnit.Framework.Internal.TestResult.AssertCount" />
      <MemberSignature Language="F#" Value="member this.AssertCount : int with get, set" Usage="NUnit.Framework.Internal.TestResult.AssertCount" />
      <MemberType>Property</MemberType>
      <AssemblyInfo>
        <AssemblyVersion>1.0.0.0</AssemblyVersion>
        <AssemblyName>MonoTouch.NUnitLite</AssemblyName>
      </AssemblyInfo>
      <ReturnValue>
        <ReturnType>System.Int32</ReturnType>
      </ReturnValue>
      <Docs>
        <summary>To be added.</summary>
        <value>To be added.</value>
        <remarks>To be added.</remarks>
      </Docs>
    </Member>
    <Member MemberName="Children">
      <MemberSignature Language="C#" Value="public System.Collections.Generic.IList&lt;NUnit.Framework.Api.ITestResult&gt; Children { get; }" />
      <MemberSignature Language="ILAsm" Value=".property instance class System.Collections.Generic.IList`1&lt;class NUnit.Framework.Api.ITestResult&gt; Children" />
      <MemberSignature Language="DocId" Value="P:NUnit.Framework.Internal.TestResult.Children" />
      <MemberSignature Language="F#" Value="member this.Children : System.Collections.Generic.IList&lt;NUnit.Framework.Api.ITestResult&gt;" Usage="NUnit.Framework.Internal.TestResult.Children" />
      <MemberType>Property</MemberType>
      <Implements>
        <InterfaceMember>P:NUnit.Framework.Api.ITestResult.Children</InterfaceMember>
      </Implements>
      <AssemblyInfo>
        <AssemblyVersion>1.0.0.0</AssemblyVersion>
        <AssemblyName>MonoTouch.NUnitLite</AssemblyName>
      </AssemblyInfo>
      <ReturnValue>
        <ReturnType>System.Collections.Generic.IList&lt;NUnit.Framework.Api.ITestResult&gt;</ReturnType>
      </ReturnValue>
      <Docs>
        <summary>To be added.</summary>
        <value>To be added.</value>
        <remarks>To be added.</remarks>
      </Docs>
    </Member>
    <Member MemberName="Duration">
      <MemberSignature Language="C#" Value="public TimeSpan Duration { get; set; }" />
      <MemberSignature Language="ILAsm" Value=".property instance valuetype System.TimeSpan Duration" />
      <MemberSignature Language="DocId" Value="P:NUnit.Framework.Internal.TestResult.Duration" />
      <MemberSignature Language="F#" Value="member this.Duration : TimeSpan with get, set" Usage="NUnit.Framework.Internal.TestResult.Duration" />
      <MemberType>Property</MemberType>
      <AssemblyInfo>
        <AssemblyVersion>1.0.0.0</AssemblyVersion>
        <AssemblyName>MonoTouch.NUnitLite</AssemblyName>
      </AssemblyInfo>
      <ReturnValue>
        <ReturnType>System.TimeSpan</ReturnType>
      </ReturnValue>
      <Docs>
        <summary>To be added.</summary>
        <value>To be added.</value>
        <remarks>To be added.</remarks>
      </Docs>
    </Member>
    <Member MemberName="FailCount">
      <MemberSignature Language="C#" Value="public abstract int FailCount { get; }" />
      <MemberSignature Language="ILAsm" Value=".property instance int32 FailCount" />
      <MemberSignature Language="DocId" Value="P:NUnit.Framework.Internal.TestResult.FailCount" />
      <MemberSignature Language="F#" Value="member this.FailCount : int" Usage="NUnit.Framework.Internal.TestResult.FailCount" />
      <MemberType>Property</MemberType>
      <Implements>
        <InterfaceMember>P:NUnit.Framework.Api.ITestResult.FailCount</InterfaceMember>
      </Implements>
      <AssemblyInfo>
        <AssemblyVersion>1.0.0.0</AssemblyVersion>
        <AssemblyName>MonoTouch.NUnitLite</AssemblyName>
      </AssemblyInfo>
      <ReturnValue>
        <ReturnType>System.Int32</ReturnType>
      </ReturnValue>
      <Docs>
        <summary>To be added.</summary>
        <value>To be added.</value>
        <remarks>To be added.</remarks>
      </Docs>
    </Member>
    <Member MemberName="FullName">
      <MemberSignature Language="C#" Value="public virtual string FullName { get; }" />
      <MemberSignature Language="ILAsm" Value=".property instance string FullName" />
      <MemberSignature Language="DocId" Value="P:NUnit.Framework.Internal.TestResult.FullName" />
      <MemberSignature Language="F#" Value="member this.FullName : string" Usage="NUnit.Framework.Internal.TestResult.FullName" />
      <MemberType>Property</MemberType>
      <Implements>
        <InterfaceMember>P:NUnit.Framework.Api.ITestResult.FullName</InterfaceMember>
      </Implements>
      <AssemblyInfo>
        <AssemblyVersion>1.0.0.0</AssemblyVersion>
        <AssemblyName>MonoTouch.NUnitLite</AssemblyName>
      </AssemblyInfo>
      <ReturnValue>
        <ReturnType>System.String</ReturnType>
      </ReturnValue>
      <Docs>
        <summary>To be added.</summary>
        <value>To be added.</value>
        <remarks>To be added.</remarks>
      </Docs>
    </Member>
    <Member MemberName="HasChildren">
      <MemberSignature Language="C#" Value="public bool HasChildren { get; }" />
      <MemberSignature Language="ILAsm" Value=".property instance bool HasChildren" />
      <MemberSignature Language="DocId" Value="P:NUnit.Framework.Internal.TestResult.HasChildren" />
      <MemberSignature Language="F#" Value="member this.HasChildren : bool" Usage="NUnit.Framework.Internal.TestResult.HasChildren" />
      <MemberType>Property</MemberType>
      <Implements>
        <InterfaceMember>P:NUnit.Framework.Api.ITestResult.HasChildren</InterfaceMember>
      </Implements>
      <AssemblyInfo>
        <AssemblyVersion>1.0.0.0</AssemblyVersion>
        <AssemblyName>MonoTouch.NUnitLite</AssemblyName>
      </AssemblyInfo>
      <ReturnValue>
        <ReturnType>System.Boolean</ReturnType>
      </ReturnValue>
      <Docs>
        <summary>To be added.</summary>
        <value>To be added.</value>
        <remarks>To be added.</remarks>
      </Docs>
    </Member>
    <Member MemberName="InconclusiveCount">
      <MemberSignature Language="C#" Value="public abstract int InconclusiveCount { get; }" />
      <MemberSignature Language="ILAsm" Value=".property instance int32 InconclusiveCount" />
      <MemberSignature Language="DocId" Value="P:NUnit.Framework.Internal.TestResult.InconclusiveCount" />
      <MemberSignature Language="F#" Value="member this.InconclusiveCount : int" Usage="NUnit.Framework.Internal.TestResult.InconclusiveCount" />
      <MemberType>Property</MemberType>
      <Implements>
        <InterfaceMember>P:NUnit.Framework.Api.ITestResult.InconclusiveCount</InterfaceMember>
      </Implements>
      <AssemblyInfo>
        <AssemblyVersion>1.0.0.0</AssemblyVersion>
        <AssemblyName>MonoTouch.NUnitLite</AssemblyName>
      </AssemblyInfo>
      <ReturnValue>
        <ReturnType>System.Int32</ReturnType>
      </ReturnValue>
      <Docs>
        <summary>To be added.</summary>
        <value>To be added.</value>
        <remarks>To be added.</remarks>
      </Docs>
    </Member>
    <Member MemberName="message">
      <MemberSignature Language="C#" Value="protected string message;" />
      <MemberSignature Language="ILAsm" Value=".field family string message" />
      <MemberSignature Language="DocId" Value="F:NUnit.Framework.Internal.TestResult.message" />
      <MemberSignature Language="F#" Value="val mutable message : string" Usage="NUnit.Framework.Internal.TestResult.message" />
      <MemberType>Field</MemberType>
      <AssemblyInfo>
        <AssemblyVersion>1.0.0.0</AssemblyVersion>
        <AssemblyName>MonoTouch.NUnitLite</AssemblyName>
      </AssemblyInfo>
      <Attributes>
        <Attribute>
          <AttributeName>System.CLSCompliant(false)</AttributeName>
        </Attribute>
      </Attributes>
      <ReturnValue>
        <ReturnType>System.String</ReturnType>
      </ReturnValue>
      <Docs>
        <summary>To be added.</summary>
        <remarks>To be added.</remarks>
      </Docs>
    </Member>
    <Member MemberName="Message">
      <MemberSignature Language="C#" Value="public string Message { get; }" />
      <MemberSignature Language="ILAsm" Value=".property instance string Message" />
      <MemberSignature Language="DocId" Value="P:NUnit.Framework.Internal.TestResult.Message" />
      <MemberSignature Language="F#" Value="member this.Message : string" Usage="NUnit.Framework.Internal.TestResult.Message" />
      <MemberType>Property</MemberType>
      <Implements>
        <InterfaceMember>P:NUnit.Framework.Api.ITestResult.Message</InterfaceMember>
      </Implements>
      <AssemblyInfo>
        <AssemblyVersion>1.0.0.0</AssemblyVersion>
        <AssemblyName>MonoTouch.NUnitLite</AssemblyName>
      </AssemblyInfo>
      <ReturnValue>
        <ReturnType>System.String</ReturnType>
      </ReturnValue>
      <Docs>
        <summary>To be added.</summary>
        <value>To be added.</value>
        <remarks>To be added.</remarks>
      </Docs>
    </Member>
    <Member MemberName="Name">
      <MemberSignature Language="C#" Value="public virtual string Name { get; }" />
      <MemberSignature Language="ILAsm" Value=".property instance string Name" />
      <MemberSignature Language="DocId" Value="P:NUnit.Framework.Internal.TestResult.Name" />
      <MemberSignature Language="F#" Value="member this.Name : string" Usage="NUnit.Framework.Internal.TestResult.Name" />
      <MemberType>Property</MemberType>
      <Implements>
        <InterfaceMember>P:NUnit.Framework.Api.ITestResult.Name</InterfaceMember>
      </Implements>
      <AssemblyInfo>
        <AssemblyVersion>1.0.0.0</AssemblyVersion>
        <AssemblyName>MonoTouch.NUnitLite</AssemblyName>
      </AssemblyInfo>
      <ReturnValue>
        <ReturnType>System.String</ReturnType>
      </ReturnValue>
      <Docs>
        <summary>To be added.</summary>
        <value>To be added.</value>
        <remarks>To be added.</remarks>
      </Docs>
    </Member>
    <Member MemberName="PassCount">
      <MemberSignature Language="C#" Value="public abstract int PassCount { get; }" />
      <MemberSignature Language="ILAsm" Value=".property instance int32 PassCount" />
      <MemberSignature Language="DocId" Value="P:NUnit.Framework.Internal.TestResult.PassCount" />
      <MemberSignature Language="F#" Value="member this.PassCount : int" Usage="NUnit.Framework.Internal.TestResult.PassCount" />
      <MemberType>Property</MemberType>
      <Implements>
        <InterfaceMember>P:NUnit.Framework.Api.ITestResult.PassCount</InterfaceMember>
      </Implements>
      <AssemblyInfo>
        <AssemblyVersion>1.0.0.0</AssemblyVersion>
        <AssemblyName>MonoTouch.NUnitLite</AssemblyName>
      </AssemblyInfo>
      <ReturnValue>
        <ReturnType>System.Int32</ReturnType>
      </ReturnValue>
      <Docs>
        <summary>To be added.</summary>
        <value>To be added.</value>
        <remarks>To be added.</remarks>
      </Docs>
    </Member>
    <Member MemberName="RecordException">
      <MemberSignature Language="C#" Value="public void RecordException (Exception ex);" />
      <MemberSignature Language="ILAsm" Value=".method public hidebysig instance void RecordException(class System.Exception ex) cil managed" />
      <MemberSignature Language="DocId" Value="M:NUnit.Framework.Internal.TestResult.RecordException(System.Exception)" />
      <MemberSignature Language="F#" Value="member this.RecordException : Exception -&gt; unit" Usage="testResult.RecordException ex" />
      <MemberType>Method</MemberType>
      <AssemblyInfo>
        <AssemblyVersion>1.0.0.0</AssemblyVersion>
        <AssemblyName>MonoTouch.NUnitLite</AssemblyName>
      </AssemblyInfo>
      <ReturnValue>
        <ReturnType>System.Void</ReturnType>
      </ReturnValue>
      <Parameters>
        <Parameter Name="ex" Type="System.Exception" />
      </Parameters>
      <Docs>
        <param name="ex">To be added.</param>
        <summary>To be added.</summary>
        <remarks>To be added.</remarks>
      </Docs>
    </Member>
    <Member MemberName="resultState">
      <MemberSignature Language="C#" Value="protected NUnit.Framework.Api.ResultState resultState;" />
      <MemberSignature Language="ILAsm" Value=".field family class NUnit.Framework.Api.ResultState resultState" />
      <MemberSignature Language="DocId" Value="F:NUnit.Framework.Internal.TestResult.resultState" />
      <MemberSignature Language="F#" Value="val mutable resultState : NUnit.Framework.Api.ResultState" Usage="NUnit.Framework.Internal.TestResult.resultState" />
      <MemberType>Field</MemberType>
      <AssemblyInfo>
        <AssemblyVersion>1.0.0.0</AssemblyVersion>
        <AssemblyName>MonoTouch.NUnitLite</AssemblyName>
      </AssemblyInfo>
      <Attributes>
        <Attribute>
          <AttributeName>System.CLSCompliant(false)</AttributeName>
        </Attribute>
      </Attributes>
      <ReturnValue>
        <ReturnType>NUnit.Framework.Api.ResultState</ReturnType>
      </ReturnValue>
      <Docs>
        <summary>To be added.</summary>
        <remarks>To be added.</remarks>
      </Docs>
    </Member>
    <Member MemberName="ResultState">
      <MemberSignature Language="C#" Value="public NUnit.Framework.Api.ResultState ResultState { get; }" />
      <MemberSignature Language="ILAsm" Value=".property instance class NUnit.Framework.Api.ResultState ResultState" />
      <MemberSignature Language="DocId" Value="P:NUnit.Framework.Internal.TestResult.ResultState" />
      <MemberSignature Language="F#" Value="member this.ResultState : NUnit.Framework.Api.ResultState" Usage="NUnit.Framework.Internal.TestResult.ResultState" />
      <MemberType>Property</MemberType>
      <Implements>
        <InterfaceMember>P:NUnit.Framework.Api.ITestResult.ResultState</InterfaceMember>
      </Implements>
      <AssemblyInfo>
        <AssemblyVersion>1.0.0.0</AssemblyVersion>
        <AssemblyName>MonoTouch.NUnitLite</AssemblyName>
      </AssemblyInfo>
      <ReturnValue>
        <ReturnType>NUnit.Framework.Api.ResultState</ReturnType>
      </ReturnValue>
      <Docs>
        <summary>To be added.</summary>
        <value>To be added.</value>
        <remarks>To be added.</remarks>
      </Docs>
    </Member>
    <Member MemberName="SetResult">
      <MemberSignature Language="C#" Value="public void SetResult (NUnit.Framework.Api.ResultState resultState);" />
      <MemberSignature Language="ILAsm" Value=".method public hidebysig instance void SetResult(class NUnit.Framework.Api.ResultState resultState) cil managed" />
      <MemberSignature Language="DocId" Value="M:NUnit.Framework.Internal.TestResult.SetResult(NUnit.Framework.Api.ResultState)" />
      <MemberSignature Language="F#" Value="member this.SetResult : NUnit.Framework.Api.ResultState -&gt; unit" Usage="testResult.SetResult resultState" />
      <MemberType>Method</MemberType>
      <AssemblyInfo>
        <AssemblyVersion>1.0.0.0</AssemblyVersion>
        <AssemblyName>MonoTouch.NUnitLite</AssemblyName>
      </AssemblyInfo>
      <ReturnValue>
        <ReturnType>System.Void</ReturnType>
      </ReturnValue>
      <Parameters>
        <Parameter Name="resultState" Type="NUnit.Framework.Api.ResultState" />
      </Parameters>
      <Docs>
        <param name="resultState">To be added.</param>
        <summary>To be added.</summary>
        <remarks>To be added.</remarks>
      </Docs>
    </Member>
    <Member MemberName="SetResult">
      <MemberSignature Language="C#" Value="public void SetResult (NUnit.Framework.Api.ResultState resultState, string message);" />
      <MemberSignature Language="ILAsm" Value=".method public hidebysig instance void SetResult(class NUnit.Framework.Api.ResultState resultState, string message) cil managed" />
      <MemberSignature Language="DocId" Value="M:NUnit.Framework.Internal.TestResult.SetResult(NUnit.Framework.Api.ResultState,System.String)" />
      <MemberSignature Language="F#" Value="member this.SetResult : NUnit.Framework.Api.ResultState * string -&gt; unit" Usage="testResult.SetResult (resultState, message)" />
      <MemberType>Method</MemberType>
      <AssemblyInfo>
        <AssemblyVersion>1.0.0.0</AssemblyVersion>
        <AssemblyName>MonoTouch.NUnitLite</AssemblyName>
      </AssemblyInfo>
      <ReturnValue>
        <ReturnType>System.Void</ReturnType>
      </ReturnValue>
      <Parameters>
        <Parameter Name="resultState" Type="NUnit.Framework.Api.ResultState" />
        <Parameter Name="message" Type="System.String" />
      </Parameters>
      <Docs>
        <param name="resultState">To be added.</param>
        <param name="message">To be added.</param>
        <summary>To be added.</summary>
        <remarks>To be added.</remarks>
      </Docs>
    </Member>
    <Member MemberName="SetResult">
      <MemberSignature Language="C#" Value="public void SetResult (NUnit.Framework.Api.ResultState resultState, string message, string stackTrace);" />
      <MemberSignature Language="ILAsm" Value=".method public hidebysig instance void SetResult(class NUnit.Framework.Api.ResultState resultState, string message, string stackTrace) cil managed" />
      <MemberSignature Language="DocId" Value="M:NUnit.Framework.Internal.TestResult.SetResult(NUnit.Framework.Api.ResultState,System.String,System.String)" />
      <MemberSignature Language="F#" Value="member this.SetResult : NUnit.Framework.Api.ResultState * string * string -&gt; unit" Usage="testResult.SetResult (resultState, message, stackTrace)" />
      <MemberType>Method</MemberType>
      <AssemblyInfo>
        <AssemblyVersion>1.0.0.0</AssemblyVersion>
        <AssemblyName>MonoTouch.NUnitLite</AssemblyName>
      </AssemblyInfo>
      <ReturnValue>
        <ReturnType>System.Void</ReturnType>
      </ReturnValue>
      <Parameters>
        <Parameter Name="resultState" Type="NUnit.Framework.Api.ResultState" />
        <Parameter Name="message" Type="System.String" />
        <Parameter Name="stackTrace" Type="System.String" />
      </Parameters>
      <Docs>
        <param name="resultState">To be added.</param>
        <param name="message">To be added.</param>
        <param name="stackTrace">To be added.</param>
        <summary>To be added.</summary>
        <remarks>To be added.</remarks>
      </Docs>
    </Member>
    <Member MemberName="SkipCount">
      <MemberSignature Language="C#" Value="public abstract int SkipCount { get; }" />
      <MemberSignature Language="ILAsm" Value=".property instance int32 SkipCount" />
      <MemberSignature Language="DocId" Value="P:NUnit.Framework.Internal.TestResult.SkipCount" />
      <MemberSignature Language="F#" Value="member this.SkipCount : int" Usage="NUnit.Framework.Internal.TestResult.SkipCount" />
      <MemberType>Property</MemberType>
      <Implements>
        <InterfaceMember>P:NUnit.Framework.Api.ITestResult.SkipCount</InterfaceMember>
      </Implements>
      <AssemblyInfo>
        <AssemblyVersion>1.0.0.0</AssemblyVersion>
        <AssemblyName>MonoTouch.NUnitLite</AssemblyName>
      </AssemblyInfo>
      <ReturnValue>
        <ReturnType>System.Int32</ReturnType>
      </ReturnValue>
      <Docs>
        <summary>To be added.</summary>
        <value>To be added.</value>
        <remarks>To be added.</remarks>
      </Docs>
    </Member>
    <Member MemberName="StackTrace">
      <MemberSignature Language="C#" Value="public virtual string StackTrace { get; }" />
      <MemberSignature Language="ILAsm" Value=".property instance string StackTrace" />
      <MemberSignature Language="DocId" Value="P:NUnit.Framework.Internal.TestResult.StackTrace" />
      <MemberSignature Language="F#" Value="member this.StackTrace : string" Usage="NUnit.Framework.Internal.TestResult.StackTrace" />
      <MemberType>Property</MemberType>
      <Implements>
        <InterfaceMember>P:NUnit.Framework.Api.ITestResult.StackTrace</InterfaceMember>
      </Implements>
      <AssemblyInfo>
        <AssemblyVersion>1.0.0.0</AssemblyVersion>
        <AssemblyName>MonoTouch.NUnitLite</AssemblyName>
      </AssemblyInfo>
      <ReturnValue>
        <ReturnType>System.String</ReturnType>
      </ReturnValue>
      <Docs>
        <summary>To be added.</summary>
        <value>To be added.</value>
        <remarks>To be added.</remarks>
      </Docs>
    </Member>
    <Member MemberName="test">
      <MemberSignature Language="C#" Value="protected readonly NUnit.Framework.Api.ITest test;" />
      <MemberSignature Language="ILAsm" Value=".field family initonly class NUnit.Framework.Api.ITest test" />
      <MemberSignature Language="DocId" Value="F:NUnit.Framework.Internal.TestResult.test" />
      <MemberSignature Language="F#" Value="val mutable test : NUnit.Framework.Api.ITest" Usage="NUnit.Framework.Internal.TestResult.test" />
      <MemberType>Field</MemberType>
      <AssemblyInfo>
        <AssemblyVersion>1.0.0.0</AssemblyVersion>
        <AssemblyName>MonoTouch.NUnitLite</AssemblyName>
      </AssemblyInfo>
      <Attributes>
        <Attribute>
          <AttributeName>System.CLSCompliant(false)</AttributeName>
        </Attribute>
      </Attributes>
      <ReturnValue>
        <ReturnType>NUnit.Framework.Api.ITest</ReturnType>
      </ReturnValue>
      <Docs>
        <summary>To be added.</summary>
        <remarks>To be added.</remarks>
      </Docs>
    </Member>
    <Member MemberName="Test">
      <MemberSignature Language="C#" Value="public NUnit.Framework.Api.ITest Test { get; }" />
      <MemberSignature Language="ILAsm" Value=".property instance class NUnit.Framework.Api.ITest Test" />
      <MemberSignature Language="DocId" Value="P:NUnit.Framework.Internal.TestResult.Test" />
      <MemberSignature Language="F#" Value="member this.Test : NUnit.Framework.Api.ITest" Usage="NUnit.Framework.Internal.TestResult.Test" />
      <MemberType>Property</MemberType>
      <Implements>
        <InterfaceMember>P:NUnit.Framework.Api.ITestResult.Test</InterfaceMember>
      </Implements>
      <AssemblyInfo>
        <AssemblyVersion>1.0.0.0</AssemblyVersion>
        <AssemblyName>MonoTouch.NUnitLite</AssemblyName>
      </AssemblyInfo>
      <ReturnValue>
        <ReturnType>NUnit.Framework.Api.ITest</ReturnType>
      </ReturnValue>
      <Docs>
        <summary>To be added.</summary>
        <value>To be added.</value>
        <remarks>To be added.</remarks>
      </Docs>
    </Member>
    <Member MemberName="ThreadCrashFail">
      <MemberSignature Language="C#" Value="public bool ThreadCrashFail;" />
      <MemberSignature Language="ILAsm" Value=".field public bool ThreadCrashFail" />
      <MemberSignature Language="DocId" Value="F:NUnit.Framework.Internal.TestResult.ThreadCrashFail" />
      <MemberSignature Language="F#" Value="val mutable ThreadCrashFail : bool" Usage="NUnit.Framework.Internal.TestResult.ThreadCrashFail" />
      <MemberType>Field</MemberType>
      <AssemblyInfo>
        <AssemblyVersion>1.0.0.0</AssemblyVersion>
        <AssemblyName>MonoTouch.NUnitLite</AssemblyName>
      </AssemblyInfo>
      <ReturnValue>
        <ReturnType>System.Boolean</ReturnType>
      </ReturnValue>
      <Docs>
        <summary>To be added.</summary>
        <remarks>To be added.</remarks>
      </Docs>
    </Member>
    <Member MemberName="ToXml">
      <MemberSignature Language="C#" Value="public NUnit.Framework.Api.XmlNode ToXml (bool recursive);" />
      <MemberSignature Language="ILAsm" Value=".method public hidebysig newslot virtual instance class NUnit.Framework.Api.XmlNode ToXml(bool recursive) cil managed" />
      <MemberSignature Language="DocId" Value="M:NUnit.Framework.Internal.TestResult.ToXml(System.Boolean)" />
      <MemberSignature Language="F#" Value="abstract member ToXml : bool -&gt; NUnit.Framework.Api.XmlNode&#xA;override this.ToXml : bool -&gt; NUnit.Framework.Api.XmlNode" Usage="testResult.ToXml recursive" />
      <MemberType>Method</MemberType>
      <Implements>
        <InterfaceMember>M:NUnit.Framework.Api.IXmlNodeBuilder.ToXml(System.Boolean)</InterfaceMember>
      </Implements>
      <AssemblyInfo>
        <AssemblyVersion>1.0.0.0</AssemblyVersion>
        <AssemblyName>MonoTouch.NUnitLite</AssemblyName>
      </AssemblyInfo>
      <ReturnValue>
        <ReturnType>NUnit.Framework.Api.XmlNode</ReturnType>
      </ReturnValue>
      <Parameters>
        <Parameter Name="recursive" Type="System.Boolean" />
      </Parameters>
      <Docs>
        <param name="recursive">To be added.</param>
        <summary>To be added.</summary>
        <returns>To be added.</returns>
        <remarks>To be added.</remarks>
      </Docs>
    </Member>
  </Members>
</Type>
