<Type Name="TestResult" FullName="NUnit.Framework.Internal.TestResult">
  <TypeSignature Language="C#" Value="public abstract class TestResult : Xamarin.iOS.dll=MonoTouch.NUnit.Framework.Api.ITestResult" />
  <TypeSignature Language="ILAsm" Value=".class public auto ansi abstract beforefieldinit TestResult extends System.Object implements class Xamarin.iOS.dll=MonoTouch.NUnit.Framework.Api.ITestResult, class Xamarin.iOS.dll=MonoTouch.NUnit.Framework.Api.IXmlNodeBuilder" />
  <AssemblyInfo>
    <AssemblyName>MonoTouch.NUnitLite</AssemblyName>
    <AssemblyVersion>1.0.0.0</AssemblyVersion>
  </AssemblyInfo>
  <Base>
    <BaseTypeName>System.Object</BaseTypeName>
  </Base>
  <Interfaces>
    <Interface>
      <InterfaceName>NUnit.Framework.Api.ITestResult</InterfaceName>
    </Interface>
  </Interfaces>
  <Docs>
    <summary>
            The TestResult class represents the result of a test.
            </summary>
    <remarks>To be added.</remarks>
  </Docs>
  <Members>
    <Member MemberName=".ctor">
      <MemberSignature Language="C#" Value="public TestResult (Xamarin.iOS.dll=MonoTouch.NUnit.Framework.Api.ITest test);" />
      <MemberSignature Language="ILAsm" Value=".method public hidebysig specialname rtspecialname instance void .ctor(class Xamarin.iOS.dll=MonoTouch.NUnit.Framework.Api.ITest test) cil managed" />
      <MemberType>Constructor</MemberType>
      <AssemblyInfo>
        <AssemblyVersion>1.0.0.0</AssemblyVersion>
      </AssemblyInfo>
      <Parameters>
        <Parameter Name="test" Type="Xamarin.iOS.dll=MonoTouch.NUnit.Framework.Api.ITest" />
      </Parameters>
      <Docs>
        <param name="test">The test to be used</param>
        <summary>
            Construct a test result given a Test
            </summary>
        <remarks>To be added.</remarks>
      </Docs>
    </Member>
    <Member MemberName="AddResult">
      <MemberSignature Language="C#" Value="public virtual void AddResult (Xamarin.iOS.dll=MonoTouch.NUnit.Framework.Internal.TestResult result);" />
      <MemberSignature Language="ILAsm" Value=".method public hidebysig newslot virtual instance void AddResult(class Xamarin.iOS.dll=MonoTouch.NUnit.Framework.Internal.TestResult result) cil managed" />
      <MemberType>Method</MemberType>
      <AssemblyInfo>
        <AssemblyVersion>1.0.0.0</AssemblyVersion>
      </AssemblyInfo>
      <ReturnValue>
        <ReturnType>System.Void</ReturnType>
      </ReturnValue>
      <Parameters>
        <Parameter Name="result" Type="Xamarin.iOS.dll=MonoTouch.NUnit.Framework.Internal.TestResult" />
      </Parameters>
      <Docs>
        <param name="result">To be added.</param>
        <summary>To be added.</summary>
        <remarks>To be added.</remarks>
      </Docs>
    </Member>
    <Member MemberName="assertCount">
      <MemberSignature Language="C#" Value="protected int assertCount;" />
      <MemberSignature Language="ILAsm" Value=".field family int32 assertCount" />
      <MemberType>Field</MemberType>
      <AssemblyInfo>
        <AssemblyVersion>1.0.0.0</AssemblyVersion>
      </AssemblyInfo>
      <Attributes>
        <Attribute>
          <AttributeName>System.CLSCompliant(false)</AttributeName>
        </Attribute>
      </Attributes>
      <ReturnValue>
        <ReturnType>System.Int32</ReturnType>
      </ReturnValue>
      <Docs>
        <summary>
            Number of asserts executed by this test
            </summary>
        <remarks>To be added.</remarks>
      </Docs>
    </Member>
    <Member MemberName="AssertCount">
      <MemberSignature Language="C#" Value="public int AssertCount { get; set; }" />
      <MemberSignature Language="ILAsm" Value=".property instance int32 AssertCount" />
      <MemberType>Property</MemberType>
      <AssemblyInfo>
        <AssemblyVersion>1.0.0.0</AssemblyVersion>
      </AssemblyInfo>
      <ReturnValue>
        <ReturnType>System.Int32</ReturnType>
      </ReturnValue>
      <Docs>
        <summary>
            Gets or sets the count of asserts executed
            when running the test.
            </summary>
        <value>To be added.</value>
        <remarks>To be added.</remarks>
      </Docs>
    </Member>
    <Member MemberName="Children">
      <MemberSignature Language="C#" Value="public System.Collections.Generic.IList&lt;Xamarin.iOS.dll=MonoTouch.NUnit.Framework.Api.ITestResult&gt; Children { get; }" />
      <MemberSignature Language="ILAsm" Value=".property instance class System.Collections.Generic.IList`1&lt;class Xamarin.iOS.dll=MonoTouch.NUnit.Framework.Api.ITestResult&gt; Children" />
      <MemberType>Property</MemberType>
      <AssemblyInfo>
        <AssemblyVersion>1.0.0.0</AssemblyVersion>
      </AssemblyInfo>
      <ReturnValue>
        <ReturnType>System.Collections.Generic.IList&lt;Xamarin.iOS.dll=MonoTouch.NUnit.Framework.Api.ITestResult&gt;</ReturnType>
      </ReturnValue>
      <Docs>
        <summary>
            Gets the collection of child results.
            </summary>
        <value>To be added.</value>
        <remarks>To be added.</remarks>
      </Docs>
    </Member>
    <Member MemberName="Duration">
      <MemberSignature Language="C#" Value="public TimeSpan Duration { get; set; }" />
      <MemberSignature Language="ILAsm" Value=".property instance valuetype System.TimeSpan Duration" />
      <MemberType>Property</MemberType>
      <AssemblyInfo>
        <AssemblyVersion>1.0.0.0</AssemblyVersion>
      </AssemblyInfo>
      <ReturnValue>
        <ReturnType>System.TimeSpan</ReturnType>
      </ReturnValue>
      <Docs>
        <summary>To be added.</summary>
        <value>To be added.</value>
        <remarks>To be added.</remarks>
      </Docs>
    </Member>
    <Member MemberName="FailCount">
      <MemberSignature Language="C#" Value="public abstract int FailCount { get; }" />
      <MemberSignature Language="ILAsm" Value=".property instance int32 FailCount" />
      <MemberType>Property</MemberType>
      <AssemblyInfo>
        <AssemblyVersion>1.0.0.0</AssemblyVersion>
      </AssemblyInfo>
      <ReturnValue>
        <ReturnType>System.Int32</ReturnType>
      </ReturnValue>
      <Docs>
        <summary>
            Gets the number of test cases that failed
            when running the test and all its children.
            </summary>
        <value>To be added.</value>
        <remarks>To be added.</remarks>
      </Docs>
    </Member>
    <Member MemberName="FullName">
      <MemberSignature Language="C#" Value="public virtual string FullName { get; }" />
      <MemberSignature Language="ILAsm" Value=".property instance string FullName" />
      <MemberType>Property</MemberType>
      <AssemblyInfo>
        <AssemblyVersion>1.0.0.0</AssemblyVersion>
      </AssemblyInfo>
      <ReturnValue>
        <ReturnType>System.String</ReturnType>
      </ReturnValue>
      <Docs>
        <summary>
            Gets the full name of the test result
            </summary>
        <value>To be added.</value>
        <remarks>To be added.</remarks>
      </Docs>
    </Member>
    <Member MemberName="HasChildren">
      <MemberSignature Language="C#" Value="public bool HasChildren { get; }" />
      <MemberSignature Language="ILAsm" Value=".property instance bool HasChildren" />
      <MemberType>Property</MemberType>
      <AssemblyInfo>
        <AssemblyVersion>1.0.0.0</AssemblyVersion>
      </AssemblyInfo>
      <ReturnValue>
        <ReturnType>System.Boolean</ReturnType>
      </ReturnValue>
      <Docs>
        <summary>
            Indicates whether this result has any child results.
            Test HasChildren before accessing Children to avoid
            the creation of an empty collection.
            </summary>
        <value>To be added.</value>
        <remarks>To be added.</remarks>
      </Docs>
    </Member>
    <Member MemberName="InconclusiveCount">
      <MemberSignature Language="C#" Value="public abstract int InconclusiveCount { get; }" />
      <MemberSignature Language="ILAsm" Value=".property instance int32 InconclusiveCount" />
      <MemberType>Property</MemberType>
      <AssemblyInfo>
        <AssemblyVersion>1.0.0.0</AssemblyVersion>
      </AssemblyInfo>
      <ReturnValue>
        <ReturnType>System.Int32</ReturnType>
      </ReturnValue>
      <Docs>
        <summary>
            Gets the number of test cases that were inconclusive
            when running the test and all its children.
            </summary>
        <value>To be added.</value>
        <remarks>To be added.</remarks>
      </Docs>
    </Member>
    <Member MemberName="message">
      <MemberSignature Language="C#" Value="protected string message;" />
      <MemberSignature Language="ILAsm" Value=".field family string message" />
      <MemberType>Field</MemberType>
      <AssemblyInfo>
        <AssemblyVersion>1.0.0.0</AssemblyVersion>
      </AssemblyInfo>
      <Attributes>
        <Attribute>
          <AttributeName>System.CLSCompliant(false)</AttributeName>
        </Attribute>
      </Attributes>
      <ReturnValue>
        <ReturnType>System.String</ReturnType>
      </ReturnValue>
      <Docs>
        <summary>
            Message giving the reason for failure, error or skipping the test
            </summary>
        <remarks>To be added.</remarks>
      </Docs>
    </Member>
    <Member MemberName="Message">
      <MemberSignature Language="C#" Value="public string Message { get; }" />
      <MemberSignature Language="ILAsm" Value=".property instance string Message" />
      <MemberType>Property</MemberType>
      <AssemblyInfo>
        <AssemblyVersion>1.0.0.0</AssemblyVersion>
      </AssemblyInfo>
      <ReturnValue>
        <ReturnType>System.String</ReturnType>
      </ReturnValue>
      <Docs>
        <summary>
            Gets the message associated with a test
            failure or with not running the test
            </summary>
        <value>To be added.</value>
        <remarks>To be added.</remarks>
      </Docs>
    </Member>
    <Member MemberName="Name">
      <MemberSignature Language="C#" Value="public virtual string Name { get; }" />
      <MemberSignature Language="ILAsm" Value=".property instance string Name" />
      <MemberType>Property</MemberType>
      <AssemblyInfo>
        <AssemblyVersion>1.0.0.0</AssemblyVersion>
      </AssemblyInfo>
      <ReturnValue>
        <ReturnType>System.String</ReturnType>
      </ReturnValue>
      <Docs>
        <summary>
            Gets the name of the test result
            </summary>
        <value>To be added.</value>
        <remarks>To be added.</remarks>
      </Docs>
    </Member>
    <Member MemberName="PassCount">
      <MemberSignature Language="C#" Value="public abstract int PassCount { get; }" />
      <MemberSignature Language="ILAsm" Value=".property instance int32 PassCount" />
      <MemberType>Property</MemberType>
      <AssemblyInfo>
        <AssemblyVersion>1.0.0.0</AssemblyVersion>
      </AssemblyInfo>
      <ReturnValue>
        <ReturnType>System.Int32</ReturnType>
      </ReturnValue>
      <Docs>
        <summary>
            Gets the number of test cases that passed
            when running the test and all its children.
            </summary>
        <value>To be added.</value>
        <remarks>To be added.</remarks>
      </Docs>
    </Member>
    <Member MemberName="RecordException">
      <MemberSignature Language="C#" Value="public void RecordException (Exception ex);" />
      <MemberSignature Language="ILAsm" Value=".method public hidebysig instance void RecordException(class System.Exception ex) cil managed" />
      <MemberType>Method</MemberType>
      <AssemblyInfo>
        <AssemblyVersion>1.0.0.0</AssemblyVersion>
      </AssemblyInfo>
      <ReturnValue>
        <ReturnType>System.Void</ReturnType>
      </ReturnValue>
      <Parameters>
        <Parameter Name="ex" Type="System.Exception" />
      </Parameters>
      <Docs>
        <param name="ex">The exception that was thrown</param>
        <summary>
            Set the test result based on the type of exception thrown
            </summary>
        <remarks>To be added.</remarks>
      </Docs>
    </Member>
    <Member MemberName="resultState">
      <MemberSignature Language="C#" Value="protected Xamarin.iOS.dll=MonoTouch.NUnit.Framework.Api.ResultState resultState;" />
      <MemberSignature Language="ILAsm" Value=".field family class Xamarin.iOS.dll=MonoTouch.NUnit.Framework.Api.ResultState resultState" />
      <MemberType>Field</MemberType>
      <AssemblyInfo>
        <AssemblyVersion>1.0.0.0</AssemblyVersion>
      </AssemblyInfo>
      <Attributes>
        <Attribute>
          <AttributeName>System.CLSCompliant(false)</AttributeName>
        </Attribute>
      </Attributes>
      <ReturnValue>
        <ReturnType>Xamarin.iOS.dll=MonoTouch.NUnit.Framework.Api.ResultState</ReturnType>
      </ReturnValue>
      <Docs>
        <summary>
            Indicates the result of the test
            </summary>
        <remarks>To be added.</remarks>
      </Docs>
    </Member>
    <Member MemberName="ResultState">
      <MemberSignature Language="C#" Value="public Xamarin.iOS.dll=MonoTouch.NUnit.Framework.Api.ResultState ResultState { get; }" />
      <MemberSignature Language="ILAsm" Value=".property instance class Xamarin.iOS.dll=MonoTouch.NUnit.Framework.Api.ResultState ResultState" />
      <MemberType>Property</MemberType>
      <AssemblyInfo>
        <AssemblyVersion>1.0.0.0</AssemblyVersion>
      </AssemblyInfo>
      <ReturnValue>
        <ReturnType>Xamarin.iOS.dll=MonoTouch.NUnit.Framework.Api.ResultState</ReturnType>
      </ReturnValue>
      <Docs>
        <summary>
            Gets the ResultState of the test result, which
            indicates the success or failure of the test.
            </summary>
        <value>To be added.</value>
        <remarks>To be added.</remarks>
      </Docs>
    </Member>
    <Member MemberName="SetResult">
      <MemberSignature Language="C#" Value="public void SetResult (Xamarin.iOS.dll=MonoTouch.NUnit.Framework.Api.ResultState resultState);" />
      <MemberSignature Language="ILAsm" Value=".method public hidebysig instance void SetResult(class Xamarin.iOS.dll=MonoTouch.NUnit.Framework.Api.ResultState resultState) cil managed" />
      <MemberType>Method</MemberType>
      <AssemblyInfo>
        <AssemblyVersion>1.0.0.0</AssemblyVersion>
      </AssemblyInfo>
      <ReturnValue>
        <ReturnType>System.Void</ReturnType>
      </ReturnValue>
      <Parameters>
        <Parameter Name="resultState" Type="Xamarin.iOS.dll=MonoTouch.NUnit.Framework.Api.ResultState" />
      </Parameters>
      <Docs>
        <param name="resultState">The ResultState to use in the result</param>
        <summary>
            Set the result of the test
            </summary>
        <remarks>To be added.</remarks>
      </Docs>
    </Member>
    <Member MemberName="SetResult">
      <MemberSignature Language="C#" Value="public void SetResult (Xamarin.iOS.dll=MonoTouch.NUnit.Framework.Api.ResultState resultState, string message);" />
      <MemberSignature Language="ILAsm" Value=".method public hidebysig instance void SetResult(class Xamarin.iOS.dll=MonoTouch.NUnit.Framework.Api.ResultState resultState, string message) cil managed" />
      <MemberType>Method</MemberType>
      <AssemblyInfo>
        <AssemblyVersion>1.0.0.0</AssemblyVersion>
      </AssemblyInfo>
      <ReturnValue>
        <ReturnType>System.Void</ReturnType>
      </ReturnValue>
      <Parameters>
        <Parameter Name="message" Type="System.String" />
        <Parameter Name="resultState" Type="Xamarin.iOS.dll=MonoTouch.NUnit.Framework.Api.ResultState" />
      </Parameters>
      <Docs>
        <param name="resultState">The ResultState to use in the result</param>
        <param name="message">A message associated with the result state</param>
        <summary>
            Set the result of the test
            </summary>
        <remarks>To be added.</remarks>
      </Docs>
    </Member>
    <Member MemberName="SetResult">
      <MemberSignature Language="C#" Value="public void SetResult (Xamarin.iOS.dll=MonoTouch.NUnit.Framework.Api.ResultState resultState, string message, string stackTrace);" />
      <MemberSignature Language="ILAsm" Value=".method public hidebysig instance void SetResult(class Xamarin.iOS.dll=MonoTouch.NUnit.Framework.Api.ResultState resultState, string message, string stackTrace) cil managed" />
      <MemberType>Method</MemberType>
      <AssemblyInfo>
        <AssemblyVersion>1.0.0.0</AssemblyVersion>
      </AssemblyInfo>
      <ReturnValue>
        <ReturnType>System.Void</ReturnType>
      </ReturnValue>
      <Parameters>
        <Parameter Name="message" Type="System.String" />
        <Parameter Name="stackTrace" Type="System.String" />
        <Parameter Name="resultState" Type="Xamarin.iOS.dll=MonoTouch.NUnit.Framework.Api.ResultState" />
      </Parameters>
      <Docs>
        <param name="resultState">The ResultState to use in the result</param>
        <param name="message">A message associated with the result state</param>
        <param name="stackTrace">Stack trace giving the location of the command</param>
        <summary>
            Set the result of the test
            </summary>
        <remarks>To be added.</remarks>
      </Docs>
    </Member>
    <Member MemberName="SkipCount">
      <MemberSignature Language="C#" Value="public abstract int SkipCount { get; }" />
      <MemberSignature Language="ILAsm" Value=".property instance int32 SkipCount" />
      <MemberType>Property</MemberType>
      <AssemblyInfo>
        <AssemblyVersion>1.0.0.0</AssemblyVersion>
      </AssemblyInfo>
      <ReturnValue>
        <ReturnType>System.Int32</ReturnType>
      </ReturnValue>
      <Docs>
        <summary>
            Gets the number of test cases that were skipped
            when running the test and all its children.
            </summary>
        <value>To be added.</value>
        <remarks>To be added.</remarks>
      </Docs>
    </Member>
    <Member MemberName="StackTrace">
      <MemberSignature Language="C#" Value="public virtual string StackTrace { get; }" />
      <MemberSignature Language="ILAsm" Value=".property instance string StackTrace" />
      <MemberType>Property</MemberType>
      <AssemblyInfo>
        <AssemblyVersion>1.0.0.0</AssemblyVersion>
      </AssemblyInfo>
      <ReturnValue>
        <ReturnType>System.String</ReturnType>
      </ReturnValue>
      <Docs>
        <summary>
            Gets any stacktrace associated with an
            error or failure. Not available in
            the Compact Framework 1.0.
            </summary>
        <value>To be added.</value>
        <remarks>To be added.</remarks>
      </Docs>
    </Member>
    <Member MemberName="test">
      <MemberSignature Language="C#" Value="protected readonly Xamarin.iOS.dll=MonoTouch.NUnit.Framework.Api.ITest test;" />
      <MemberSignature Language="ILAsm" Value=".field family initonly class Xamarin.iOS.dll=MonoTouch.NUnit.Framework.Api.ITest test" />
      <MemberType>Field</MemberType>
      <AssemblyInfo>
        <AssemblyVersion>1.0.0.0</AssemblyVersion>
      </AssemblyInfo>
      <Attributes>
        <Attribute>
          <AttributeName>System.CLSCompliant(false)</AttributeName>
        </Attribute>
      </Attributes>
      <ReturnValue>
        <ReturnType>Xamarin.iOS.dll=MonoTouch.NUnit.Framework.Api.ITest</ReturnType>
      </ReturnValue>
      <Docs>
        <summary>
            The test that this result pertains to
            </summary>
        <remarks>To be added.</remarks>
      </Docs>
    </Member>
    <Member MemberName="Test">
      <MemberSignature Language="C#" Value="public Xamarin.iOS.dll=MonoTouch.NUnit.Framework.Api.ITest Test { get; }" />
      <MemberSignature Language="ILAsm" Value=".property instance class Xamarin.iOS.dll=MonoTouch.NUnit.Framework.Api.ITest Test" />
      <MemberType>Property</MemberType>
      <AssemblyInfo>
        <AssemblyVersion>1.0.0.0</AssemblyVersion>
      </AssemblyInfo>
      <ReturnValue>
        <ReturnType>Xamarin.iOS.dll=MonoTouch.NUnit.Framework.Api.ITest</ReturnType>
      </ReturnValue>
      <Docs>
        <summary>To be added.</summary>
        <value>To be added.</value>
        <remarks>To be added.</remarks>
      </Docs>
    </Member>
    <Member MemberName="ThreadCrashFail">
      <MemberSignature Language="C#" Value="public bool ThreadCrashFail;" />
      <MemberSignature Language="ILAsm" Value=".field public bool ThreadCrashFail" />
      <MemberType>Field</MemberType>
      <AssemblyInfo>
        <AssemblyVersion>1.0.0.0</AssemblyVersion>
        <AssemblyName>MonoTouch.NUnitLite</AssemblyName>
      </AssemblyInfo>
      <ReturnValue>
        <ReturnType>System.Boolean</ReturnType>
      </ReturnValue>
      <Docs>
        <summary>To be added.</summary>
        <remarks>To be added.</remarks>
      </Docs>
    </Member>
  </Members>
</Type>